<?xml version="1.0" encoding="UTF-8"?>
<testsuite xmlns:xsi="http://www.w3.org/2001/XMLSchema-instance" xsi:noNamespaceSchemaLocation="https://maven.apache.org/surefire/maven-surefire-plugin/xsd/surefire-test-report.xsd" name="ua.TQS_StackTest" time="0.065" tests="9" errors="0" skipped="0" failures="0">
  <properties>
    <property name="java.specification.version" value="14"/>
    <property name="sun.jnu.encoding" value="UTF-8"/>
    <property name="java.class.path" value="/Users/miguelmarques/Desktop/Uni/3ºano/2ºSemestre/TQS/Lab01Stack/TQS_Stack/target/test-classes:/Users/miguelmarques/Desktop/Uni/3ºano/2ºSemestre/TQS/Lab01Stack/TQS_Stack/target/classes:/Users/miguelmarques/.m2/repository/org/junit/jupiter/junit-jupiter/5.7.1/junit-jupiter-5.7.1.jar:/Users/miguelmarques/.m2/repository/org/junit/jupiter/junit-jupiter-api/5.7.1/junit-jupiter-api-5.7.1.jar:/Users/miguelmarques/.m2/repository/org/apiguardian/apiguardian-api/1.1.0/apiguardian-api-1.1.0.jar:/Users/miguelmarques/.m2/repository/org/opentest4j/opentest4j/1.2.0/opentest4j-1.2.0.jar:/Users/miguelmarques/.m2/repository/org/junit/platform/junit-platform-commons/1.7.1/junit-platform-commons-1.7.1.jar:/Users/miguelmarques/.m2/repository/org/junit/jupiter/junit-jupiter-params/5.7.1/junit-jupiter-params-5.7.1.jar:/Users/miguelmarques/.m2/repository/org/junit/jupiter/junit-jupiter-engine/5.7.1/junit-jupiter-engine-5.7.1.jar:/Users/miguelmarques/.m2/repository/org/junit/platform/junit-platform-engine/1.7.1/junit-platform-engine-1.7.1.jar:"/>
    <property name="java.vm.vendor" value="Oracle Corporation"/>
    <property name="sun.arch.data.model" value="64"/>
    <property name="java.vendor.url" value="https://java.oracle.com/"/>
    <property name="os.name" value="Mac OS X"/>
    <property name="java.vm.specification.version" value="14"/>
    <property name="sun.java.launcher" value="SUN_STANDARD"/>
    <property name="user.country" value="PT"/>
    <property name="sun.boot.library.path" value="/Library/Java/JavaVirtualMachines/jdk-14.0.1.jdk/Contents/Home/lib"/>
    <property name="sun.java.command" value="/Users/miguelmarques/Desktop/Uni/3ºano/2ºSemestre/TQS/Lab01Stack/TQS_Stack/target/surefire/surefirebooter1404326148678677672.jar /Users/miguelmarques/Desktop/Uni/3ºano/2ºSemestre/TQS/Lab01Stack/TQS_Stack/target/surefire 2021-03-16T20-53-55_121-jvmRun1 surefire8137826625916406663tmp surefire_03581495262128643042tmp"/>
    <property name="http.nonProxyHosts" value="local|*.local|169.254/16|*.169.254/16"/>
    <property name="jdk.debug" value="release"/>
    <property name="surefire.test.class.path" value="/Users/miguelmarques/Desktop/Uni/3ºano/2ºSemestre/TQS/Lab01Stack/TQS_Stack/target/test-classes:/Users/miguelmarques/Desktop/Uni/3ºano/2ºSemestre/TQS/Lab01Stack/TQS_Stack/target/classes:/Users/miguelmarques/.m2/repository/org/junit/jupiter/junit-jupiter/5.7.1/junit-jupiter-5.7.1.jar:/Users/miguelmarques/.m2/repository/org/junit/jupiter/junit-jupiter-api/5.7.1/junit-jupiter-api-5.7.1.jar:/Users/miguelmarques/.m2/repository/org/apiguardian/apiguardian-api/1.1.0/apiguardian-api-1.1.0.jar:/Users/miguelmarques/.m2/repository/org/opentest4j/opentest4j/1.2.0/opentest4j-1.2.0.jar:/Users/miguelmarques/.m2/repository/org/junit/platform/junit-platform-commons/1.7.1/junit-platform-commons-1.7.1.jar:/Users/miguelmarques/.m2/repository/org/junit/jupiter/junit-jupiter-params/5.7.1/junit-jupiter-params-5.7.1.jar:/Users/miguelmarques/.m2/repository/org/junit/jupiter/junit-jupiter-engine/5.7.1/junit-jupiter-engine-5.7.1.jar:/Users/miguelmarques/.m2/repository/org/junit/platform/junit-platform-engine/1.7.1/junit-platform-engine-1.7.1.jar:"/>
    <property name="sun.cpu.endian" value="little"/>
    <property name="user.home" value="/Users/miguelmarques"/>
    <property name="user.language" value="pt"/>
    <property name="java.specification.vendor" value="Oracle Corporation"/>
    <property name="java.version.date" value="2020-04-14"/>
    <property name="java.home" value="/Library/Java/JavaVirtualMachines/jdk-14.0.1.jdk/Contents/Home"/>
    <property name="file.separator" value="/"/>
    <property name="basedir" value="/Users/miguelmarques/Desktop/Uni/3ºano/2ºSemestre/TQS/Lab01Stack/TQS_Stack"/>
    <property name="java.vm.compressedOopsMode" value="Zero based"/>
    <property name="line.separator" value="&#10;"/>
    <property name="java.specification.name" value="Java Platform API Specification"/>
    <property name="java.vm.specification.vendor" value="Oracle Corporation"/>
    <property name="surefire.real.class.path" value="/Users/miguelmarques/Desktop/Uni/3ºano/2ºSemestre/TQS/Lab01Stack/TQS_Stack/target/surefire/surefirebooter1404326148678677672.jar"/>
    <property name="sun.management.compiler" value="HotSpot 64-Bit Tiered Compilers"/>
    <property name="ftp.nonProxyHosts" value="local|*.local|169.254/16|*.169.254/16"/>
    <property name="java.runtime.version" value="14.0.1+7"/>
    <property name="user.name" value="miguelmarques"/>
    <property name="path.separator" value=":"/>
    <property name="os.version" value="10.16"/>
    <property name="java.runtime.name" value="Java(TM) SE Runtime Environment"/>
    <property name="file.encoding" value="UTF-8"/>
    <property name="java.vm.name" value="Java HotSpot(TM) 64-Bit Server VM"/>
    <property name="localRepository" value="/Users/miguelmarques/.m2/repository"/>
    <property name="java.vendor.url.bug" value="https://bugreport.java.com/bugreport/"/>
    <property name="java.io.tmpdir" value="/var/folders/5k/7kq5pvgn35dd0fxzr2_kycbw0000gn/T/"/>
    <property name="java.version" value="14.0.1"/>
    <property name="user.dir" value="/Users/miguelmarques/Desktop/Uni/3ºano/2ºSemestre/TQS/Lab01Stack/TQS_Stack"/>
    <property name="os.arch" value="x86_64"/>
    <property name="java.vm.specification.name" value="Java Virtual Machine Specification"/>
    <property name="java.library.path" value="/Users/miguelmarques/Library/Java/Extensions:/Library/Java/Extensions:/Network/Library/Java/Extensions:/System/Library/Java/Extensions:/usr/lib/java:."/>
    <property name="java.vm.info" value="mixed mode, sharing"/>
    <property name="java.vendor" value="Oracle Corporation"/>
    <property name="java.vm.version" value="14.0.1+7"/>
    <property name="sun.io.unicode.encoding" value="UnicodeBig"/>
    <property name="socksNonProxyHosts" value="local|*.local|169.254/16|*.169.254/16"/>
    <property name="java.class.version" value="58.0"/>
  </properties>
  <testcase name="test_SizeIsZero" classname="ua.TQS_StackTest" time="0.03"/>
  <testcase name="test_PopN" classname="ua.TQS_StackTest" time="0.002"/>
  <testcase name="test_PopElement" classname="ua.TQS_StackTest" time="0.002"/>
  <testcase name="test_Exception_PeekingEmptyStack" classname="ua.TQS_StackTest" time="0.004"/>
  <testcase name="test_Exception_PopEmptyStack" classname="ua.TQS_StackTest" time="0.001"/>
  <testcase name="test_ExceptionBouded" classname="ua.TQS_StackTest" time="0"/>
  <testcase name="test_StackIsEmpty" classname="ua.TQS_StackTest" time="0.003"/>
  <testcase name="test_NPushes" classname="ua.TQS_StackTest" time="0.006"/>
  <testcase name="test_PeekX" classname="ua.TQS_StackTest" time="0.001"/>
</testsuite>